<?xml version="1.0" encoding="UTF-8"?>
<!-- Generated by org.testng.reporters.JUnitXMLReporter -->
<testsuite hostname="DESKTOP-3S3P68U" ignored="0" name="Timber Exchange Feature Testing - Negotiation Page - chrome" tests="2" failures="0" timestamp="01 Sep 2020 02:11:21 GMT" time="63.164" errors="0">
  <testcase name="verifyNegotitationPageTitleTest" time="0.359" classname="com.qa.te.tests.NegotationPageTest"/>
  <testcase name="createNewOfferTest" time="23.996" classname="com.qa.te.tests.NegotationPageTest"/>
</testsuite> <!-- Timber Exchange Feature Testing - Negotiation Page - chrome -->
