<?xml version="1.0" encoding="UTF-8"?>
<!-- Generated by org.testng.reporters.JUnitXMLReporter -->
<testsuite hostname="DESKTOP-3S3P68U" ignored="1" name="Timber Exchange Feature Testing - Negotiation Page - chrome" tests="1" failures="0" timestamp="30 Aug 2020 10:53:45 GMT" time="34.329" errors="0">
  <testcase name="verifyNegotitationPageTitleTest" time="0.036" classname="com.qa.te.tests.NegotationPageTest"/>
  <testcase name="createNewOfferTest" time="0.0" classname="com.qa.te.tests.NegotationPageTest">
    <ignored/>
  </testcase> <!-- createNewOfferTest -->
</testsuite> <!-- Timber Exchange Feature Testing - Negotiation Page - chrome -->
