<?xml version="1.0" encoding="UTF-8"?>
<!-- Generated by org.testng.reporters.JUnitXMLReporter -->
<testsuite hostname="DESKTOP-3S3P68U" ignored="0" name="Timber Exchange Feature Testing - home page - chrome" tests="2" failures="0" timestamp="30 Aug 2020 10:53:09 GMT" time="39.422" errors="0">
  <testcase name="verifyHomePageTitleTest" time="0.544" classname="com.qa.te.tests.HomePageTest"/>
  <testcase name="verifyHomePageHeaderTest" time="0.558" classname="com.qa.te.tests.HomePageTest"/>
</testsuite> <!-- Timber Exchange Feature Testing - home page - chrome -->
